<?xml version="1.0" encoding="utf-8"?><testsuites name="pytest tests"><testsuite name="pytest" errors="0" failures="0" skipped="0" tests="321" time="129.059" timestamp="2026-09-10T19:55:03.223548+05:30" hostname="DESKTOP-3TMME41"><testcase classname="backend.tests.test_adversarial_attacks" name="test_attack_future_leakage_detected" time="0.148" /><testcase classname="backend.tests.test_adversarial_attacks" name="test_clean_lagged_feature_passes" time="0.007" /><testcase classname="backend.tests.test_adversarial_attacks" name="test_attack_universe_leakage_detected" time="0.005" /><testcase classname="backend.tests.test_adversarial_attacks" name="test_attack_corporate_action_leakage_detected" time="0.002" /><testcase classname="backend.tests.test_adversarial_attacks" name="test_attack_label_leakage_detected" time="0.003" /><testcase classname="backend.tests.test_adversarial_attacks" name="test_attack_shuffled_timestamps_detected" time="0.003" /><testcase classname="backend.tests.test_adversarial_attacks" name="test_attack_duplicate_observations_detected" time="0.008" /><testcase classname="backend.tests.test_alpha_dsl" name="test_alpha_dsl_parsing_and_canonicalization" time="0.002" /><testcase classname="backend.tests.test_alpha_dsl" name="test_alpha_dsl_multiplication_canonicalization" time="0.001" /><testcase classname="backend.tests.test_alpha_dsl" name="test_alpha_dsl_nested_transformations" time="0.001" /><testcase classname="backend.tests.test_alpha_dsl" name="test_alpha_dsl_type_checking_rejection" time="0.001" /><testcase classname="backend.tests.test_alpha_dsl" name="test_alpha_registry_deduplication" time="0.007" /><testcase classname="backend.tests.test_alpha_gp" name="test_ast_parsing_and_evaluation" time="2.803" /><testcase classname="backend.tests.test_alpha_gp" name="test_alpha_build_endpoint_real_evaluation" time="4.236" /><testcase classname="backend.tests.test_api" name="test_health" time="0.006" /><testcase classname="backend.tests.test_api" name="test_data_ohlcv" time="1.052" /><testcase classname="backend.tests.test_api" name="test_features_list" time="2.282" /><testcase classname="backend.tests.test_api" name="test_features_ic" time="0.010" /><testcase classname="backend.tests.test_api" name="test_validation_walk_forward" time="4.800" /><testcase classname="backend.tests.test_api" name="test_model_lab_comparison" time="3.054" /><testcase classname="backend.tests.test_api" name="test_portfolio_endpoints" time="1.196" /><testcase classname="backend.tests.test_api" name="test_risk_metrics" time="0.015" /><testcase classname="backend.tests.test_api" name="test_execution_endpoints" time="0.010" /><testcase classname="backend.tests.test_api" name="test_quality_gate" time="0.007" /><testcase classname="backend.tests.test_api" name="test_live_research" time="1.051" /><testcase classname="backend.tests.test_api" name="test_monitoring" time="1.847" /><testcase classname="backend.tests.test_api" name="test_dashboard_summary" time="1.125" /><testcase classname="backend.tests.test_api" name="test_alpha_discovery_endpoints" time="14.582" /><testcase classname="backend.tests.test_api" name="test_statistical_engine_endpoints" time="0.013" /><testcase classname="backend.tests.test_api" name="test_backtest_run" time="2.971" /><testcase classname="backend.tests.test_api_comprehensive" name="test_system_health" time="0.012" /><testcase classname="backend.tests.test_api_comprehensive" name="test_data_endpoints" time="0.415" /><testcase classname="backend.tests.test_api_comprehensive" name="test_features_endpoints" time="0.018" /><testcase classname="backend.tests.test_api_comprehensive" name="test_validation_endpoints" time="3.793" /><testcase classname="backend.tests.test_api_comprehensive" name="test_model_lab_endpoints" time="5.824" /><testcase classname="backend.tests.test_api_comprehensive" name="test_portfolio_optimization_all_methods" time="1.063" /><testcase classname="backend.tests.test_api_comprehensive" name="test_risk_endpoints_comprehensive" time="0.902" /><testcase classname="backend.tests.test_api_comprehensive" name="test_execution_endpoints_comprehensive" time="0.023" /><testcase classname="backend.tests.test_api_comprehensive" name="test_quality_gate_endpoint" time="0.021" /><testcase classname="backend.tests.test_api_comprehensive" name="test_live_research_endpoints" time="2.088" /><testcase classname="backend.tests.test_api_comprehensive" name="test_monitoring_endpoints" time="5.808" /><testcase classname="backend.tests.test_api_comprehensive" name="test_dashboard_and_backtest" time="1.123" /><testcase classname="backend.tests.test_api_comprehensive" name="test_data_price_series_get_and_post" time="0.051" /><testcase classname="backend.tests.test_api_comprehensive" name="test_statistical_engine_alias_routes" time="0.199" /><testcase classname="backend.tests.test_api_comprehensive" name="test_risk_compliance_check_portfolio_and_ui" time="0.010" /><testcase classname="backend.tests.test_api_status_codes" name="test_convex_optimize_valid_input_returns_200" time="0.068" /><testcase classname="backend.tests.test_api_status_codes" name="test_convex_optimize_nonexistent_tickers_returns_422" time="0.011" /><testcase classname="backend.tests.test_api_status_codes" name="test_convex_optimize_invalid_schema_returns_422" time="0.009" /><testcase classname="backend.tests.test_api_status_codes" name="test_portfolio_optimize_valid_tickers_returns_200" time="0.024" /><testcase classname="backend.tests.test_api_status_codes" name="test_portfolio_optimize_nonexistent_tickers_returns_422" time="0.010" /><testcase classname="backend.tests.test_api_status_codes" name="test_alpha_build_valid_formula_returns_200" time="2.402" /><testcase classname="backend.tests.test_api_status_codes" name="test_alpha_build_syntax_error_returns_422" time="0.008" /><testcase classname="backend.tests.test_api_status_codes" name="test_dsr_valid_input_returns_200" time="0.010" /><testcase classname="backend.tests.test_api_status_codes" name="test_dsr_invalid_schema_returns_422" time="0.006" /><testcase classname="backend.tests.test_api_status_codes" name="test_compliance_check_valid_returns_200" time="0.009" /><testcase classname="backend.tests.test_api_status_codes" name="test_compliance_check_invalid_schema_returns_422" time="0.007" /><testcase classname="backend.tests.test_api_status_codes" name="test_endpoints_never_return_hidden_failure_status[/api/portfolio/frontier]" time="0.232" /><testcase classname="backend.tests.test_api_status_codes" name="test_endpoints_never_return_hidden_failure_status[/api/portfolio/shrinkage-compare]" time="0.020" /><testcase classname="backend.tests.test_api_status_codes" name="test_endpoints_never_return_hidden_failure_status[/api/portfolio/holdings]" time="0.975" /><testcase classname="backend.tests.test_api_status_codes" name="test_endpoints_never_return_hidden_failure_status[/api/features/list]" time="0.014" /><testcase classname="backend.tests.test_api_status_codes" name="test_endpoints_never_return_hidden_failure_status[/api/validation/splits]" time="0.010" /><testcase classname="backend.tests.test_api_status_codes" name="test_endpoints_never_return_hidden_failure_status[/api/dashboard/summary]" time="1.100" /><testcase classname="backend.tests.test_api_status_codes" name="test_endpoints_never_return_hidden_failure_status[/api/risk/var]" time="0.028" /><testcase classname="backend.tests.test_api_status_codes" name="test_endpoints_never_return_hidden_failure_status[/api/monitoring/telemetry]" time="0.113" /><testcase classname="backend.tests.test_api_status_codes" name="test_endpoints_never_return_hidden_failure_status[/api/data/sources]" time="0.010" /><testcase classname="backend.tests.test_api_status_codes" name="test_endpoints_never_return_hidden_failure_status[/api/data/quality]" time="0.037" /><testcase classname="backend.tests.test_api_status_codes" name="test_endpoints_never_return_hidden_failure_status[/api/alpha-discovery/hypotheses]" time="0.010" /><testcase classname="backend.tests.test_api_status_codes" name="test_endpoints_never_return_hidden_failure_status[/api/model-lab/comparison]" time="3.547" /><testcase classname="backend.tests.test_api_status_codes" name="test_computational_endpoint_matrix_status_codes[/api/portfolio/convex-optimize-valid_payload0-malformed_payload0]" time="0.057" /><testcase classname="backend.tests.test_api_status_codes" name="test_computational_endpoint_matrix_status_codes[/api/portfolio/optimize-valid_payload1-malformed_payload1]" time="0.032" /><testcase classname="backend.tests.test_api_status_codes" name="test_computational_endpoint_matrix_status_codes[/api/alpha-discovery/build-valid_payload2-malformed_payload2]" time="2.169" /><testcase classname="backend.tests.test_api_status_codes" name="test_computational_endpoint_matrix_status_codes[/api/statistical-engine/dsr-valid_payload3-malformed_payload3]" time="0.013" /><testcase classname="backend.tests.test_api_status_codes" name="test_computational_endpoint_matrix_status_codes[/api/risk/compliance-check-valid_payload4-malformed_payload4]" time="0.013" /><testcase classname="backend.tests.test_api_status_codes" name="test_computational_endpoint_matrix_status_codes[/api/data/pit-valid_payload5-malformed_payload5]" time="0.015" /><testcase classname="backend.tests.test_api_status_codes" name="test_computational_endpoint_matrix_status_codes[/api/statistical/cpcv-valid_payload6-malformed_payload6]" time="0.019" /><testcase classname="backend.tests.test_api_status_codes" name="test_computational_endpoint_matrix_status_codes[/api/statistical/pbo-valid_payload7-malformed_payload7]" time="0.014" /><testcase classname="backend.tests.test_api_status_codes" name="test_computational_endpoint_matrix_status_codes[/api/statistical/spa-valid_payload8-malformed_payload8]" time="0.149" /><testcase classname="backend.tests.test_api_status_codes" name="test_computational_endpoint_matrix_status_codes[/api/statistical/evidence-card-valid_payload9-malformed_payload9]" time="0.014" /><testcase classname="backend.tests.test_api_status_codes" name="test_computational_endpoint_matrix_status_codes[/api/execution/cpp-backtest-valid_payload10-malformed_payload10]" time="0.015" /><testcase classname="backend.tests.test_api_status_codes" name="test_computational_endpoint_matrix_status_codes[/api/native/c/kalman-valid_payload11-malformed_payload11]" time="0.013" /><testcase classname="backend.tests.test_api_status_codes" name="test_computational_endpoint_matrix_status_codes[/api/native/c/hurst-valid_payload12-malformed_payload12]" time="0.014" /><testcase classname="backend.tests.test_api_status_codes" name="test_computational_endpoint_matrix_status_codes[/api/native/c/microprice-valid_payload13-malformed_payload13]" time="0.014" /><testcase classname="backend.tests.test_backtester" name="test_backtester_produces_results" time="3.655" /><testcase classname="backend.tests.test_backtester" name="test_no_leakage_in_backtest" time="4.016" /><testcase classname="backend.tests.test_backtester" name="test_transaction_costs_applied" time="7.375" /><testcase classname="backend.tests.test_backtester" name="test_trade_pnl_deterministic_and_turnover_exact" time="4.826" /><testcase classname="backend.tests.test_benchmark_datasets" name="test_benchmark_dataset_a_recovers_known_signal" time="0.025" /><testcase classname="backend.tests.test_benchmark_datasets" name="test_benchmark_dataset_b_rejects_pure_noise" time="0.032" /><testcase classname="backend.tests.test_benchmark_datasets" name="test_benchmark_dataset_c_detects_deliberate_leakage" time="0.022" /><testcase classname="backend.tests.test_c_and_q_pipeline_integration" name="test_c_and_q_features_in_feature_matrix" time="0.059" /><testcase classname="backend.tests.test_c_and_q_pipeline_integration" name="test_gp_ast_c_accelerated_nodes" time="0.012" /><testcase classname="backend.tests.test_c_and_q_pipeline_integration" name="test_api_features_native_telemetry" time="0.366" /><testcase classname="backend.tests.test_c_and_q_pipeline_integration" name="test_api_execution_microstructure_live" time="0.012" /><testcase classname="backend.tests.test_c_and_q_pipeline_integration" name="test_api_data_q_bars" time="0.013" /><testcase classname="backend.tests.test_c_and_q_pipeline_integration" name="test_api_data_q_asof_sync" time="0.022" /><testcase classname="backend.tests.test_capacity_attribution" name="test_capacity_model_drag_increases_with_aum" time="0.001" /><testcase classname="backend.tests.test_capacity_attribution" name="test_factor_attribution_genuine_vs_market_beta" time="0.005" /><testcase classname="backend.tests.test_core" name="test_metrics_consistency" time="0.001" /><testcase classname="backend.tests.test_core" name="test_native_accelerator_sharpe" time="0.001" /><testcase classname="backend.tests.test_core" name="test_native_c_cpp_pnl_almgren" time="0.052" /><testcase classname="backend.tests.test_core" name="test_q_vwap" time="0.001" /><testcase classname="backend.tests.test_core" name="test_fdr_multiple_testing" time="0.001" /><testcase classname="backend.tests.test_core" name="test_deflated_sharpe_ratio" time="0.004" /><testcase classname="backend.tests.test_core" name="test_quality_gate_evaluation" time="0.002" /><testcase classname="backend.tests.test_core_advanced" name="test_pit_store_temporal_isolation" time="0.009" /><testcase classname="backend.tests.test_core_advanced" name="test_labels_generation_and_temporal_alignment" time="0.013" /><testcase classname="backend.tests.test_core_advanced" name="test_vol_target_sizing" time="0.001" /><testcase classname="backend.tests.test_core_advanced" name="test_kelly_criterion_sizing" time="0.001" /><testcase classname="backend.tests.test_core_advanced" name="test_var_and_cvar" time="0.002" /><testcase classname="backend.tests.test_core_advanced" name="test_cppi_portfolio_insurance" time="0.001" /><testcase classname="backend.tests.test_core_advanced" name="test_mean_variance_optimization" time="0.007" /><testcase classname="backend.tests.test_core_advanced" name="test_hierarchical_risk_parity" time="0.014" /><testcase classname="backend.tests.test_core_advanced" name="test_cvar_optimization" time="0.009" /><testcase classname="backend.tests.test_core_advanced" name="test_regime_engine" time="0.068" /><testcase classname="backend.tests.test_core_advanced" name="test_almgren_chriss_execution" time="0.002" /><testcase classname="backend.tests.test_core_advanced" name="test_slippage_and_algorithms" time="0.002" /><testcase classname="backend.tests.test_core_advanced" name="test_population_stability_index" time="0.004" /><testcase classname="backend.tests.test_core_advanced" name="test_decay_half_life" time="0.055" /><testcase classname="backend.tests.test_core_advanced" name="test_meta_labeling_system" time="0.144" /><testcase classname="backend.tests.test_core_advanced" name="test_paper_trading_simulator" time="1.046" /><testcase classname="backend.tests.test_cpcv_pbo" name="test_cpcv_combinatorial_splits" time="0.007" /><testcase classname="backend.tests.test_cpcv_pbo" name="test_pbo_low_overfitting_on_persistent_signal" time="0.003" /><testcase classname="backend.tests.test_cpcv_pbo" name="test_pbo_high_overfitting_on_pure_noise" time="0.005" /><testcase classname="backend.tests.test_cpp_event_backtest" name="test_cpp_event_driven_backtest_execution" time="0.001" /><testcase classname="backend.tests.test_cpp_event_backtest" name="test_cpp_event_driven_backtest_short_borrow_costs" time="0.001" /><testcase classname="backend.tests.test_cpp_event_backtest" name="test_cpp_event_driven_accounting_identity" time="0.001" /><testcase classname="backend.tests.test_data_foundation_stage1" name="test_duckdb_parquet_arrow_and_polars" time="0.117" /><testcase classname="backend.tests.test_data_foundation_stage1" name="test_duckdb_point_in_time_isolation" time="0.043" /><testcase classname="backend.tests.test_data_foundation_stage1" name="test_dataset_registry_model_and_hashing" time="0.063" /><testcase classname="backend.tests.test_data_foundation_stage1" name="test_data_quality_engine_clean_data" time="0.016" /><testcase classname="backend.tests.test_data_foundation_stage1" name="test_data_quality_engine_fails_closed_on_violations" time="0.026" /><testcase classname="backend.tests.test_data_loader" name="test_download_sp500_data" time="0.011" /><testcase classname="backend.tests.test_data_loader" name="test_no_survivorship_bias" time="0.002" /><testcase classname="backend.tests.test_data_loader" name="test_pit_query_no_future_data" time="0.027" /><testcase classname="backend.tests.test_evidence_subsystem" name="test_evidence_status_and_provenance_hash" time="0.002" /><testcase classname="backend.tests.test_evidence_subsystem" name="test_data_validation_evidence_from_df" time="0.008" /><testcase classname="backend.tests.test_evidence_subsystem" name="test_leakage_audit_evidence" time="0.004" /><testcase classname="backend.tests.test_evidence_subsystem" name="test_quality_gate_fail_closed_on_missing_evidence" time="0.002" /><testcase classname="backend.tests.test_evidence_subsystem" name="test_zero_fallback_factor_attribution" time="0.001" /><testcase classname="backend.tests.test_evidence_subsystem" name="test_deterministic_pipeline_execution_no_synthetic_jitter" time="0.123" /><testcase classname="backend.tests.test_experiment_lineage" name="test_preregistration_lifecycle" time="0.047" /><testcase classname="backend.tests.test_falsification_suite" name="test_falsification_genuine_signal_passes" time="0.005" /><testcase classname="backend.tests.test_falsification_suite" name="test_falsification_flimsy_signal_rejected" time="0.006" /><testcase classname="backend.tests.test_features" name="test_no_lookahead_bias" time="0.045" /><testcase classname="backend.tests.test_features" name="test_rsi_range" time="0.008" /><testcase classname="backend.tests.test_features" name="test_feature_ic_positive" time="0.049" /><testcase classname="backend.tests.test_fix_microstructure" name="test_fix_wire_serialization_and_checksum" time="0.002" /><testcase classname="backend.tests.test_fix_microstructure" name="test_fix_checksum_corruption_detection" time="0.002" /><testcase classname="backend.tests.test_fix_microstructure" name="test_fix_session_sequence_gap_detection" time="0.002" /><testcase classname="backend.tests.test_fix_microstructure" name="test_exchange_simulator_depth_matching" time="0.002" /><testcase classname="backend.tests.test_fix_microstructure" name="test_exchange_limit_order_partial_fill_and_cancel" time="0.002" /><testcase classname="backend.tests.test_governance_gatekeeper" name="test_mandatory_pre_registration" time="0.002" /><testcase classname="backend.tests.test_governance_gatekeeper" name="test_first_class_negative_result_execution_rejection" time="0.003" /><testcase classname="backend.tests.test_governance_gatekeeper" name="test_search_budget_enforcement_and_approval" time="0.002" /><testcase classname="backend.tests.test_institutional_alpha_orthogonal" name="test_extended_alpha_dsl_parsing" time="0.002" /><testcase classname="backend.tests.test_institutional_alpha_orthogonal" name="test_alpha_evaluator_panel_computation" time="0.006" /><testcase classname="backend.tests.test_institutional_alpha_orthogonal" name="test_alpha_orthogonalization_linear_projection" time="0.004" /><testcase classname="backend.tests.test_institutional_alpha_orthogonal" name="test_alpha_book_manager_workflow" time="0.046" /><testcase classname="backend.tests.test_institutional_alpha_orthogonal" name="test_gram_schmidt_orthogonalize_book" time="0.003" /><testcase classname="backend.tests.test_institutional_alpha_orthogonal" name="test_hansens_spa_test" time="0.139" /><testcase classname="backend.tests.test_institutional_compliance" name="test_compliant_order_approval" time="0.002" /><testcase classname="backend.tests.test_institutional_compliance" name="test_fat_finger_price_collar_rejection" time="0.002" /><testcase classname="backend.tests.test_institutional_compliance" name="test_max_notional_rejection" time="0.002" /><testcase classname="backend.tests.test_institutional_compliance" name="test_portfolio_concentration_rejection" time="0.003" /><testcase classname="backend.tests.test_institutional_compliance" name="test_adv_participation_rejection" time="0.003" /><testcase classname="backend.tests.test_institutional_compliance" name="test_restricted_ticker_rejection" time="0.002" /><testcase classname="backend.tests.test_institutional_compliance" name="test_reg_sho_short_locate_rejection" time="0.002" /><testcase classname="backend.tests.test_institutional_cpp_execution" name="test_cpp_event_driven_backtest_with_borrow_cost" time="0.004" /><testcase classname="backend.tests.test_institutional_cpp_execution" name="test_cpp_twap_and_vwap_execution_slicers" time="0.002" /><testcase classname="backend.tests.test_institutional_cpp_execution" name="test_almgren_chriss_trajectory_risk_monotonicity" time="0.002" /><testcase classname="backend.tests.test_institutional_cpp_execution" name="test_execution_fills_integrate_with_double_entry_ledger" time="0.002" /><testcase classname="backend.tests.test_institutional_data_foundation" name="test_permanent_security_master_symbology_and_history" time="0.003" /><testcase classname="backend.tests.test_institutional_data_foundation" name="test_corporate_action_engine_four_price_series" time="0.018" /><testcase classname="backend.tests.test_institutional_data_foundation" name="test_historical_universe_eliminates_survivorship" time="0.003" /><testcase classname="backend.tests.test_institutional_data_foundation" name="test_bitemporal_pit_store_isolation" time="0.006" /><testcase classname="backend.tests.test_institutional_data_foundation" name="test_dataset_registry_content_and_schema_hashing" time="0.114" /><testcase classname="backend.tests.test_institutional_execution_broker" name="test_twap_execution_trajectory" time="0.003" /><testcase classname="backend.tests.test_institutional_execution_broker" name="test_vwap_execution_trajectory" time="0.002" /><testcase classname="backend.tests.test_institutional_execution_broker" name="test_almgren_chriss_optimal_liquidation" time="0.002" /><testcase classname="backend.tests.test_institutional_execution_broker" name="test_simulated_broker_gateway_order_execution" time="0.002" /><testcase classname="backend.tests.test_institutional_execution_broker" name="test_broker_gateway_ledger_reconciliation" time="0.003" /><testcase classname="backend.tests.test_institutional_execution_broker" name="test_alpaca_broker_gateway_fallback" time="0.002" /><testcase classname="backend.tests.test_institutional_portfolio_optimizer" name="test_shrinkage_covariance_estimators" time="0.004" /><testcase classname="backend.tests.test_institutional_portfolio_optimizer" name="test_convex_portfolio_optimizer_institutional_constraints" time="0.078" /><testcase classname="backend.tests.test_institutional_portfolio_optimizer" name="test_convex_portfolio_optimizer_turnover_budget" time="0.185" /><testcase classname="backend.tests.test_institutional_portfolio_optimizer" name="test_cornish_fisher_var_tail_risk" time="0.009" /><testcase classname="backend.tests.test_institutional_portfolio_optimizer" name="test_historical_crisis_stress_tester" time="0.003" /><testcase classname="backend.tests.test_institutional_portfolio_optimizer" name="test_pre_trade_compliance_engine_controls" time="0.003" /><testcase classname="backend.tests.test_institutional_portfolio_risk" name="test_ledoit_wolf_shrinkage_condition_number" time="0.002" /><testcase classname="backend.tests.test_institutional_portfolio_risk" name="test_convex_portfolio_optimizer_dollar_neutral" time="0.021" /><testcase classname="backend.tests.test_institutional_portfolio_risk" name="test_convex_portfolio_optimizer_factor_neutrality" time="0.180" /><testcase classname="backend.tests.test_institutional_portfolio_risk" name="test_double_entry_ledger_invariants_and_hash_chain" time="0.002" /><testcase classname="backend.tests.test_institutional_portfolio_risk" name="test_cornish_fisher_var_penalizes_fat_tails" time="0.006" /><testcase classname="backend.tests.test_institutional_portfolio_risk" name="test_historical_stress_tester_crisis_scenarios" time="0.002" /><testcase classname="backend.tests.test_institutional_statistical_governance" name="test_cpcv_combinatorial_splits_and_embargo" time="0.008" /><testcase classname="backend.tests.test_institutional_statistical_governance" name="test_pbo_candidate_matrix_evaluation" time="0.007" /><testcase classname="backend.tests.test_institutional_statistical_governance" name="test_deflated_sharpe_ratio_trial_penalty" time="0.003" /><testcase classname="backend.tests.test_institutional_statistical_governance" name="test_hansens_spa_and_whites_reality_check" time="0.079" /><testcase classname="backend.tests.test_institutional_statistical_governance" name="test_alpha_evidence_card_generation" time="0.004" /><testcase classname="backend.tests.test_ledger" name="test_ledger_initialization" time="0.002" /><testcase classname="backend.tests.test_ledger" name="test_ledger_buy_fill_accounting" time="0.002" /><testcase classname="backend.tests.test_ledger" name="test_ledger_pnl_identically_matches_delta_nav" time="0.002" /><testcase classname="backend.tests.test_level5_integrity" name="test_research_artifact_and_tamper_detection" time="0.002" /><testcase classname="backend.tests.test_level5_integrity" name="test_cryptographic_evidence_chain_tamper_detection" time="0.002" /><testcase classname="backend.tests.test_level5_integrity" name="test_fail_closed_quality_gate_decision" time="0.002" /><testcase classname="backend.tests.test_level5_integrity" name="test_linear_governance_state_machine_and_promotion" time="0.005" /><testcase classname="backend.tests.test_level5_integrity" name="test_point_in_time_universe_prevents_survivorship_bias" time="0.004" /><testcase classname="backend.tests.test_level5_integrity" name="test_double_entry_ledger_invariants" time="0.002" /><testcase classname="backend.tests.test_level5_integrity" name="test_research_search_budget_tracks_total_candidates" time="0.002" /><testcase classname="backend.tests.test_level5_integrity" name="test_event_driven_pipeline_execution" time="0.003" /><testcase classname="backend.tests.test_level5_integrity" name="test_level5_reproduction_certificate_and_ascii_card" time="0.002" /><testcase classname="backend.tests.test_level5_integrity" name="test_optimizer_fail_closed_mode" time="0.003" /><testcase classname="backend.tests.test_models" name="test_model_trainer_pipeline" time="0.035" /><testcase classname="backend.tests.test_models" name="test_ensemble_comparison_leaderboard" time="3.217" /><testcase classname="backend.tests.test_native_c_and_q" name="test_c_engine_loaded" time="0.001" /><testcase classname="backend.tests.test_native_c_and_q" name="test_c_rolling_zscore" time="0.001" /><testcase classname="backend.tests.test_native_c_and_q" name="test_c_kalman_filter" time="0.001" /><testcase classname="backend.tests.test_native_c_and_q" name="test_c_order_flow_imbalance_and_microprice" time="0.001" /><testcase classname="backend.tests.test_native_c_and_q" name="test_c_ewma_volatility_and_hurst" time="0.001" /><testcase classname="backend.tests.test_native_c_and_q" name="test_q_vwap" time="0.001" /><testcase classname="backend.tests.test_native_c_and_q" name="test_q_asof_join" time="0.242" /><testcase classname="backend.tests.test_native_c_and_q" name="test_q_bars" time="0.007" /><testcase classname="backend.tests.test_native_c_and_q" name="test_q_query_execution" time="0.001" /><testcase classname="backend.tests.test_native_c_and_q" name="test_api_c_kalman" time="0.008" /><testcase classname="backend.tests.test_native_c_and_q" name="test_api_c_hurst" time="0.007" /><testcase classname="backend.tests.test_native_c_and_q" name="test_api_c_microprice" time="0.007" /><testcase classname="backend.tests.test_native_c_and_q" name="test_api_q_query" time="0.011" /><testcase classname="backend.tests.test_native_c_and_q" name="test_api_q_ticks_and_asof" time="0.028" /><testcase classname="backend.tests.test_native_c_and_q" name="test_api_polyglot_benchmarks" time="0.007" /><testcase classname="backend.tests.test_oms_ems" name="test_oms_order_lifecycle" time="0.001" /><testcase classname="backend.tests.test_oms_ems" name="test_oms_illegal_fill_transitions" time="0.001" /><testcase classname="backend.tests.test_oms_ems" name="test_pre_trade_risk_limits" time="0.001" /><testcase classname="backend.tests.test_oms_ems" name="test_ems_algorithmic_slicing" time="0.001" /><testcase classname="backend.tests.test_oms_ems" name="test_transaction_cost_analysis_implementation_shortfall" time="0.001" /><testcase classname="backend.tests.test_openapi_contract" name="test_openapi_schema_generation" time="0.146" /><testcase classname="backend.tests.test_openapi_contract" name="test_frontend_routes_exist_in_openapi" time="0.001" /><testcase classname="backend.tests.test_openapi_contract" name="test_dashboard_summary_contract" time="1.151" /><testcase classname="backend.tests.test_openapi_contract" name="test_portfolio_optimize_contract" time="0.015" /><testcase classname="backend.tests.test_openapi_contract" name="test_convex_optimize_contract" time="0.023" /><testcase classname="backend.tests.test_openapi_contract" name="test_features_list_contract" time="0.020" /><testcase classname="backend.tests.test_performance_benchmarks" name="test_benchmark_rolling_zscore_c_acceleration" time="0.514" /><testcase classname="backend.tests.test_performance_benchmarks" name="test_benchmark_ic_rust_acceleration" time="0.087" /><testcase classname="backend.tests.test_performance_benchmarks" name="test_benchmark_backtest_cpp_acceleration" time="0.002" /><testcase classname="backend.tests.test_pit_fabric" name="test_pit_fabric_ingestion_and_digest" time="0.001" /><testcase classname="backend.tests.test_pit_fabric" name="test_pit_fabric_causality_rejection" time="0.001" /><testcase classname="backend.tests.test_pit_fabric" name="test_pit_lookahead_fail_closed" time="0.001" /><testcase classname="backend.tests.test_pit_fabric" name="test_pit_multi_revision_lineage" time="0.001" /><testcase classname="backend.tests.test_pit_fabric" name="test_pit_history_as_of_snapshot" time="0.001" /><testcase classname="backend.tests.test_planted_signal" name="test_planted_signal_recovery_and_quality_gate_promotion" time="0.004" /><testcase classname="backend.tests.test_polyglot_native" name="test_rust_accelerator_sharpe_and_drawdown" time="0.001" /><testcase classname="backend.tests.test_polyglot_native" name="test_rust_accelerator_ic_and_rank_ic" time="0.003" /><testcase classname="backend.tests.test_polyglot_native" name="test_c_accelerator_zscore_and_pnl" time="0.001" /><testcase classname="backend.tests.test_polyglot_native" name="test_cpp_accelerator_vwap_and_almgren_chriss" time="0.001" /><testcase classname="backend.tests.test_polyglot_native" name="test_r_accelerator_factor_attribution" time="0.001" /><testcase classname="backend.tests.test_portfolio" name="test_hrp_weights_sum_to_one" time="0.016" /><testcase classname="backend.tests.test_portfolio" name="test_mv_optimization_respects_constraints" time="0.004" /><testcase classname="backend.tests.test_pure_noise" name="test_pure_noise_rejected_by_statistical_tests" time="0.021" /><testcase classname="backend.tests.test_quality_gate_api" name="test_get_quality_gate_criteria" time="0.007" /><testcase classname="backend.tests.test_quality_gate_api" name="test_get_quality_gate_alphas" time="0.009" /><testcase classname="backend.tests.test_quality_gate_api" name="test_post_quality_gate_remediate" time="0.014" /><testcase classname="backend.tests.test_quality_gate_api" name="test_get_quality_gate_compare" time="0.006" /><testcase classname="backend.tests.test_quality_gate_api" name="test_get_quality_gate_history" time="0.006" /><testcase classname="backend.tests.test_quality_gate_api" name="test_post_quality_gate_evaluate_bundle" time="0.007" /><testcase classname="backend.tests.test_raft_consensus" name="test_raft_leader_election" time="0.001" /><testcase classname="backend.tests.test_raft_consensus" name="test_raft_evidence_replication_and_merkle_root" time="0.001" /><testcase classname="backend.tests.test_raft_consensus" name="test_raft_network_partition_and_reconciliation" time="0.001" /><testcase classname="backend.tests.test_real_market_pipeline" name="test_yfinance_live_quote" time="0.873" /><testcase classname="backend.tests.test_real_market_pipeline" name="test_robinhood_live_quote" time="0.001" /><testcase classname="backend.tests.test_real_market_pipeline" name="test_robinhood_market_hours" time="0.001" /><testcase classname="backend.tests.test_real_market_pipeline" name="test_robinhood_crypto_quote" time="0.001" /><testcase classname="backend.tests.test_real_market_pipeline" name="test_market_overview_endpoint" time="7.712" /><testcase classname="backend.tests.test_real_market_pipeline" name="test_data_pipeline_cleaning" time="0.010" /><testcase classname="backend.tests.test_real_market_pipeline" name="test_data_pipeline_status" time="0.001" /><testcase classname="backend.tests.test_real_market_pipeline" name="test_api_pipeline_endpoints" time="0.018" /><testcase classname="backend.tests.test_reproducibility_level5" name="test_level5_reproducibility_audit" time="0.109" /><testcase classname="backend.tests.test_reproducibility_rigorous" name="test_reproducibility_suite_a_to_h" time="1.096" /><testcase classname="backend.tests.test_research_integrity_attacks" name="test_attack_01_lookahead_leakage_rejected" time="0.007" /><testcase classname="backend.tests.test_research_integrity_attacks" name="test_attack_02_dataset_byte_mutation_detected" time="0.001" /><testcase classname="backend.tests.test_research_integrity_attacks" name="test_attack_03_feature_mutation_detected" time="0.001" /><testcase classname="backend.tests.test_research_integrity_attacks" name="test_attack_04_alpha_ast_mutation_detected" time="0.001" /><testcase classname="backend.tests.test_research_integrity_attacks" name="test_attack_05_configuration_mutation_detected" time="0.001" /><testcase classname="backend.tests.test_research_integrity_attacks" name="test_attack_06_model_artifact_mutation_detected" time="0.001" /><testcase classname="backend.tests.test_research_integrity_attacks" name="test_attack_07_evidence_chain_intermediate_tampering_detected" time="0.001" /><testcase classname="backend.tests.test_research_integrity_attacks" name="test_attack_08_portfolio_singular_covariance_fail_closed" time="0.028" /><testcase classname="backend.tests.test_research_integrity_attacks" name="test_attack_09_risk_missing_factors_zero_synthetic_fallback" time="0.001" /><testcase classname="backend.tests.test_research_integrity_attacks" name="test_attack_10_reproduction_sensitivity_detected" time="0.001" /><testcase classname="backend.tests.test_risk" name="test_var_and_cvar_bounds" time="0.002" /><testcase classname="backend.tests.test_risk" name="test_cornish_fisher_var" time="0.003" /><testcase classname="backend.tests.test_risk" name="test_cppi_nav_trajectory" time="0.001" /><testcase classname="backend.tests.test_risk" name="test_historical_stress_tester" time="0.001" /><testcase classname="backend.tests.test_risk" name="test_factor_attribution_structure" time="0.002" /><testcase classname="backend.tests.test_security_master" name="test_historical_ticker_resolution" time="0.001" /><testcase classname="backend.tests.test_security_master" name="test_split_and_dividend_price_adjustments" time="0.007" /><testcase classname="backend.tests.test_security_master" name="test_point_in_time_universe_survivorship_protection" time="0.001" /><testcase classname="backend.tests.test_security_master" name="test_delisting_terminal_liquidation" time="0.001" /><testcase classname="backend.tests.test_security_master_pit" name="test_security_master_historical_ticker_resolution" time="0.001" /><testcase classname="backend.tests.test_security_master_pit" name="test_historical_universe_membership_eliminates_survivorship" time="0.001" /><testcase classname="backend.tests.test_security_master_pit" name="test_true_pit_temporal_isolation" time="0.003" /><testcase classname="backend.tests.test_statistical_equivalence" name="test_hac_newey_west_known_answer_benchmark" time="0.003" /><testcase classname="backend.tests.test_statistical_equivalence" name="test_deflated_sharpe_ratio_known_answer_benchmark" time="0.002" /><testcase classname="backend.tests.test_statistical_equivalence" name="test_benjamini_hochberg_fdr_known_answer_benchmark" time="0.001" /><testcase classname="backend.tests.test_statistical_equivalence" name="test_stationary_block_bootstrap_exact_distribution" time="0.031" /><testcase classname="backend.tests.test_statistical_equivalence" name="test_r_validator_cross_validation" time="0.004" /><testcase classname="backend.tests.test_v020_integrity_core" name="test_no_data_fails_closed" time="0.002" /><testcase classname="backend.tests.test_v020_integrity_core" name="test_data_hash_mismatch_fails_closed" time="0.001" /><testcase classname="backend.tests.test_v020_integrity_core" name="test_future_information_leakage_fails_closed" time="0.005" /><testcase classname="backend.tests.test_v020_integrity_core" name="test_missing_validation_fails_closed" time="0.001" /><testcase classname="backend.tests.test_v020_integrity_core" name="test_statistical_test_not_run_fails_closed" time="0.001" /><testcase classname="backend.tests.test_v020_integrity_core" name="test_execution_model_unavailable_fails_closed" time="0.001" /><testcase classname="backend.tests.test_v020_integrity_core" name="test_risk_model_unavailable_fails_closed" time="0.001" /><testcase classname="backend.tests.test_v020_integrity_core" name="test_optimizer_failure_fails_closed" time="0.001" /><testcase classname="backend.tests.test_v020_integrity_core" name="test_reproduction_mismatch_fails_closed" time="0.001" /><testcase classname="backend.tests.test_v020_integrity_core" name="test_ledger_imbalance_fails_closed" time="0.001" /><testcase classname="backend.tests.test_v020_integrity_core" name="test_artifact_envelope_integrity_and_tamper_detection" time="0.001" /><testcase classname="backend.tests.test_v020_integrity_core" name="test_10_stage_canonical_evidence_graph" time="0.002" /><testcase classname="backend.tests.test_v020_integrity_core" name="test_evidence_graph_rejects_out_of_order_stage" time="0.001" /><testcase classname="backend.tests.test_v020_integrity_core" name="test_14_metric_reproduction_success" time="0.001" /><testcase classname="backend.tests.test_v020_integrity_core" name="test_search_budget_tracking_and_deflation" time="0.001" /><testcase classname="backend.tests.test_v020_integrity_core" name="test_synthetic_data_firewall" time="0.001" /><testcase classname="backend.tests.test_validation" name="test_walk_forward_temporal_order" time="2.726" /><testcase classname="backend.tests.test_validation" name="test_purged_cv_has_gaps" time="1.259" /></testsuite></testsuites>